~/wrk/minishell$ ulimit -S -n
5
~/wrk/minishell$ ms
mish-0.3$ ls | cat
ls
cat
checklist.txt
debug.mk
libft
Makefile
minishell
release.mk
srcs
todo.txt
tst
tst.sh
mish-0.3$ ls | wc
ls
wc
     10      10      84
mish-0.3$ ls | wc | wc
ls
wc
wc
mish: pipe error: Too many open files
Error
Failed to close(fd_out) in fork_cmd(): Bad file descriptor
Error
failed to dup2() on: wc: Bad file descriptor

=================================================================
==38823==ERROR: LeakSanitizer: detected memory leaks

Direct leak of 32 byte(s) in 1 object(s) allocated from:
    #0 0x7fd5d6e38bc8 in malloc (/lib/x86_64-linux-gnu/libasan.so.5+0x10dbc8)
    #1 0x7fd5d6d1700c in xmalloc (/lib/x86_64-linux-gnu/libreadline.so.8+0x3c00c)

Indirect leak of 102 byte(s) in 6 object(s) allocated from:
    #0 0x7fd5d6e38bc8 in malloc (/lib/x86_64-linux-gnu/libasan.so.5+0x10dbc8)
    #1 0x7fd5d6d1700c in xmalloc (/lib/x86_64-linux-gnu/libreadline.so.8+0x3c00c)

SUMMARY: AddressSanitizer: 134 byte(s) leaked in 7 allocation(s).

=================================================================
==38608==ERROR: LeakSanitizer: detected memory leaks

Direct leak of 32 byte(s) in 1 object(s) allocated from:
    #0 0x7fd5d6e38bc8 in malloc (/lib/x86_64-linux-gnu/libasan.so.5+0x10dbc8)
    #1 0x7fd5d6d1700c in xmalloc (/lib/x86_64-linux-gnu/libreadline.so.8+0x3c00c)

Indirect leak of 102 byte(s) in 6 object(s) allocated from:
    #0 0x7fd5d6e38bc8 in malloc (/lib/x86_64-linux-gnu/libasan.so.5+0x10dbc8)
    #1 0x7fd5d6d1700c in xmalloc (/lib/x86_64-linux-gnu/libreadline.so.8+0x3c00c)

SUMMARY: AddressSanitizer: 134 byte(s) leaked in 7 allocation(s).
~/wrk/minishell$ 
